<?xml version="1.0" encoding="UTF-8"?>
<testng-results ignored="0" total="1" passed="1" failed="0" skipped="0">
  <reporter-output>
  </reporter-output>
  <suite started-at="2023-08-06T21:09:32 IST" name="Suite" finished-at="2023-08-06T21:09:48 IST" duration-ms="15366">
    <groups>
    </groups>
    <test started-at="2023-08-06T21:09:32 IST" name="Test" finished-at="2023-08-06T21:09:48 IST" duration-ms="15366">
      <class name="tests.MyTest">
        <test-method is-config="true" signature="beforeTest()[pri:0, instance:tests.MyTest@54c5a2ff]" started-at="2023-08-06T21:09:32 IST" name="beforeTest" finished-at="2023-08-06T21:09:45 IST" duration-ms="12744" status="PASS">
          <reporter-output>
          </reporter-output>
        </test-method> <!-- beforeTest -->
        <test-method signature="Test1()[pri:1, instance:tests.MyTest@54c5a2ff]" started-at="2023-08-06T21:09:45 IST" name="Test1" description="Login to the system" finished-at="2023-08-06T21:09:47 IST" duration-ms="2342" status="PASS">
          <reporter-output>
          </reporter-output>
        </test-method> <!-- Test1 -->
        <test-method is-config="true" signature="afterTest()[pri:0, instance:tests.MyTest@54c5a2ff]" started-at="2023-08-06T21:09:47 IST" name="afterTest" finished-at="2023-08-06T21:09:48 IST" duration-ms="248" status="PASS">
          <reporter-output>
          </reporter-output>
        </test-method> <!-- afterTest -->
      </class> <!-- tests.MyTest -->
    </test> <!-- Test -->
  </suite> <!-- Suite -->
</testng-results>
